{"/workspace/Tribal_Minds/assets/scripts/mathemania.js": {"path":"/workspace/Tribal_Minds/assets/scripts/mathemania.js","statementMap":{"0":{"start":{"line":1,"column":0},"end":{"line":21,"column":3}},"1":{"start":{"line":2,"column":18},"end":{"line":2,"column":57}},"2":{"start":{"line":4,"column":4},"end":{"line":13,"column":5}},"3":{"start":{"line":5,"column":8},"end":{"line":12,"column":11}},"4":{"start":{"line":6,"column":12},"end":{"line":11,"column":13}},"5":{"start":{"line":7,"column":16},"end":{"line":7,"column":30}},"6":{"start":{"line":9,"column":31},"end":{"line":9,"column":61}},"7":{"start":{"line":10,"column":16},"end":{"line":10,"column":31}},"8":{"start":{"line":14,"column":4},"end":{"line":14,"column":24}},"9":{"start":{"line":15,"column":4},"end":{"line":19,"column":6}},"10":{"start":{"line":16,"column":8},"end":{"line":18,"column":9}},"11":{"start":{"line":17,"column":12},"end":{"line":17,"column":26}},"12":{"start":{"line":20,"column":4},"end":{"line":20,"column":16}},"13":{"start":{"line":23,"column":18},"end":{"line":27,"column":1}},"14":{"start":{"line":30,"column":4},"end":{"line":54,"column":5}},"15":{"start":{"line":31,"column":8},"end":{"line":31,"column":40}},"16":{"start":{"line":32,"column":8},"end":{"line":32,"column":22}},"17":{"start":{"line":33,"column":8},"end":{"line":33,"column":33}},"18":{"start":{"line":34,"column":8},"end":{"line":34,"column":33}},"19":{"start":{"line":35,"column":8},"end":{"line":35,"column":73}},"20":{"start":{"line":36,"column":8},"end":{"line":36,"column":78}},"21":{"start":{"line":37,"column":8},"end":{"line":37,"column":76}},"22":{"start":{"line":38,"column":11},"end":{"line":54,"column":5}},"23":{"start":{"line":39,"column":8},"end":{"line":39,"column":42}},"24":{"start":{"line":40,"column":8},"end":{"line":40,"column":22}},"25":{"start":{"line":41,"column":8},"end":{"line":41,"column":33}},"26":{"start":{"line":42,"column":8},"end":{"line":42,"column":33}},"27":{"start":{"line":43,"column":8},"end":{"line":43,"column":76}},"28":{"start":{"line":44,"column":8},"end":{"line":44,"column":75}},"29":{"start":{"line":45,"column":8},"end":{"line":45,"column":76}},"30":{"start":{"line":46,"column":11},"end":{"line":54,"column":5}},"31":{"start":{"line":47,"column":8},"end":{"line":47,"column":40}},"32":{"start":{"line":48,"column":8},"end":{"line":48,"column":22}},"33":{"start":{"line":49,"column":8},"end":{"line":49,"column":34}},"34":{"start":{"line":50,"column":8},"end":{"line":50,"column":34}},"35":{"start":{"line":51,"column":8},"end":{"line":51,"column":76}},"36":{"start":{"line":52,"column":8},"end":{"line":52,"column":78}},"37":{"start":{"line":53,"column":8},"end":{"line":53,"column":73}},"38":{"start":{"line":59,"column":4},"end":{"line":59,"column":53}},"39":{"start":{"line":60,"column":4},"end":{"line":60,"column":50}},"40":{"start":{"line":61,"column":15},"end":{"line":61,"column":66}},"41":{"start":{"line":62,"column":15},"end":{"line":62,"column":66}},"42":{"start":{"line":64,"column":4},"end":{"line":72,"column":5}},"43":{"start":{"line":65,"column":8},"end":{"line":65,"column":36}},"44":{"start":{"line":66,"column":10},"end":{"line":72,"column":5}},"45":{"start":{"line":67,"column":8},"end":{"line":67,"column":42}},"46":{"start":{"line":68,"column":10},"end":{"line":72,"column":5}},"47":{"start":{"line":69,"column":8},"end":{"line":69,"column":39}},"48":{"start":{"line":70,"column":10},"end":{"line":72,"column":5}},"49":{"start":{"line":71,"column":8},"end":{"line":71,"column":35}},"50":{"start":{"line":76,"column":21},"end":{"line":76,"column":74}},"51":{"start":{"line":77,"column":27},"end":{"line":77,"column":51}},"52":{"start":{"line":78,"column":20},"end":{"line":78,"column":54}},"53":{"start":{"line":80,"column":4},"end":{"line":84,"column":5}},"54":{"start":{"line":81,"column":8},"end":{"line":81,"column":25}},"55":{"start":{"line":83,"column":8},"end":{"line":83,"column":31}},"56":{"start":{"line":85,"column":4},"end":{"line":85,"column":30}},"57":{"start":{"line":89,"column":19},"end":{"line":89,"column":74}},"58":{"start":{"line":90,"column":19},"end":{"line":90,"column":74}},"59":{"start":{"line":91,"column":19},"end":{"line":91,"column":64}},"60":{"start":{"line":93,"column":4},"end":{"line":101,"column":5}},"61":{"start":{"line":94,"column":8},"end":{"line":94,"column":43}},"62":{"start":{"line":95,"column":10},"end":{"line":101,"column":5}},"63":{"start":{"line":96,"column":8},"end":{"line":96,"column":48}},"64":{"start":{"line":97,"column":10},"end":{"line":101,"column":5}},"65":{"start":{"line":98,"column":8},"end":{"line":98,"column":48}},"66":{"start":{"line":99,"column":10},"end":{"line":101,"column":5}},"67":{"start":{"line":100,"column":8},"end":{"line":100,"column":44}},"68":{"start":{"line":105,"column":19},"end":{"line":105,"column":73}},"69":{"start":{"line":106,"column":4},"end":{"line":106,"column":62}},"70":{"start":{"line":110,"column":19},"end":{"line":110,"column":75}},"71":{"start":{"line":111,"column":4},"end":{"line":111,"column":64}},"72":{"start":{"line":115,"column":21},"end":{"line":115,"column":75}},"73":{"start":{"line":116,"column":4},"end":{"line":116,"column":19}},"74":{"start":{"line":117,"column":4},"end":{"line":117,"column":62}},"75":{"start":{"line":118,"column":23},"end":{"line":118,"column":79}},"76":{"start":{"line":119,"column":4},"end":{"line":119,"column":21}},"77":{"start":{"line":120,"column":4},"end":{"line":120,"column":66}},"78":{"start":{"line":124,"column":4},"end":{"line":124,"column":61}},"79":{"start":{"line":125,"column":4},"end":{"line":125,"column":61}},"80":{"start":{"line":126,"column":4},"end":{"line":126,"column":56}},"81":{"start":{"line":129,"column":4},"end":{"line":129,"column":96}},"82":{"start":{"line":130,"column":4},"end":{"line":130,"column":96}},"83":{"start":{"line":131,"column":4},"end":{"line":131,"column":56}},"84":{"start":{"line":134,"column":4},"end":{"line":134,"column":61}},"85":{"start":{"line":135,"column":4},"end":{"line":135,"column":61}},"86":{"start":{"line":136,"column":4},"end":{"line":136,"column":56}},"87":{"start":{"line":140,"column":17},"end":{"line":140,"column":58}},"88":{"start":{"line":141,"column":14},"end":{"line":141,"column":55}},"89":{"start":{"line":142,"column":1},"end":{"line":148,"column":2}},"90":{"start":{"line":143,"column":5},"end":{"line":143,"column":62}},"91":{"start":{"line":144,"column":5},"end":{"line":144,"column":62}},"92":{"start":{"line":145,"column":5},"end":{"line":145,"column":59}},"93":{"start":{"line":147,"column":5},"end":{"line":147,"column":20}},"94":{"start":{"line":151,"column":0},"end":{"line":151,"column":49}}},"fnMap":{"0":{"name":"(anonymous_0)","decl":{"start":{"line":1,"column":46},"end":{"line":1,"column":47}},"loc":{"start":{"line":1,"column":57},"end":{"line":21,"column":1}},"line":1},"1":{"name":"(anonymous_1)","decl":{"start":{"line":5,"column":41},"end":{"line":5,"column":42}},"loc":{"start":{"line":5,"column":52},"end":{"line":12,"column":9}},"line":5},"2":{"name":"(anonymous_2)","decl":{"start":{"line":15,"column":70},"end":{"line":15,"column":71}},"loc":{"start":{"line":15,"column":86},"end":{"line":19,"column":5}},"line":15},"3":{"name":"diff_setter","decl":{"start":{"line":29,"column":9},"end":{"line":29,"column":20}},"loc":{"start":{"line":29,"column":26},"end":{"line":55,"column":1}},"line":29},"4":{"name":"game","decl":{"start":{"line":58,"column":9},"end":{"line":58,"column":13}},"loc":{"start":{"line":58,"column":19},"end":{"line":73,"column":1}},"line":58},"5":{"name":"checkAnswer","decl":{"start":{"line":75,"column":9},"end":{"line":75,"column":20}},"loc":{"start":{"line":75,"column":23},"end":{"line":86,"column":1}},"line":75},"6":{"name":"calculateCorrectAnswer","decl":{"start":{"line":88,"column":9},"end":{"line":88,"column":31}},"loc":{"start":{"line":88,"column":34},"end":{"line":102,"column":1}},"line":88},"7":{"name":"incrementScore","decl":{"start":{"line":104,"column":9},"end":{"line":104,"column":23}},"loc":{"start":{"line":104,"column":26},"end":{"line":107,"column":1}},"line":104},"8":{"name":"incrementWrongAnswer","decl":{"start":{"line":109,"column":9},"end":{"line":109,"column":29}},"loc":{"start":{"line":109,"column":32},"end":{"line":112,"column":1}},"line":109},"9":{"name":"resetScores","decl":{"start":{"line":114,"column":9},"end":{"line":114,"column":20}},"loc":{"start":{"line":114,"column":22},"end":{"line":121,"column":1}},"line":114},"10":{"name":"displayAddition","decl":{"start":{"line":123,"column":9},"end":{"line":123,"column":24}},"loc":{"start":{"line":123,"column":44},"end":{"line":127,"column":1}},"line":123},"11":{"name":"displaySubtraction","decl":{"start":{"line":128,"column":9},"end":{"line":128,"column":27}},"loc":{"start":{"line":128,"column":47},"end":{"line":132,"column":1}},"line":128},"12":{"name":"displayMultiplication","decl":{"start":{"line":133,"column":9},"end":{"line":133,"column":30}},"loc":{"start":{"line":133,"column":50},"end":{"line":137,"column":1}},"line":133},"13":{"name":"displayDivision","decl":{"start":{"line":139,"column":9},"end":{"line":139,"column":24}},"loc":{"start":{"line":139,"column":44},"end":{"line":149,"column":1}},"line":139}},"branchMap":{"0":{"loc":{"start":{"line":6,"column":12},"end":{"line":11,"column":13}},"type":"if","locations":[{"start":{"line":6,"column":12},"end":{"line":11,"column":13}},{"start":{"line":8,"column":19},"end":{"line":11,"column":13}}],"line":6},"1":{"loc":{"start":{"line":16,"column":8},"end":{"line":18,"column":9}},"type":"if","locations":[{"start":{"line":16,"column":8},"end":{"line":18,"column":9}},{"start":{},"end":{}}],"line":16},"2":{"loc":{"start":{"line":30,"column":4},"end":{"line":54,"column":5}},"type":"if","locations":[{"start":{"line":30,"column":4},"end":{"line":54,"column":5}},{"start":{"line":38,"column":11},"end":{"line":54,"column":5}}],"line":30},"3":{"loc":{"start":{"line":38,"column":11},"end":{"line":54,"column":5}},"type":"if","locations":[{"start":{"line":38,"column":11},"end":{"line":54,"column":5}},{"start":{"line":46,"column":11},"end":{"line":54,"column":5}}],"line":38},"4":{"loc":{"start":{"line":46,"column":11},"end":{"line":54,"column":5}},"type":"if","locations":[{"start":{"line":46,"column":11},"end":{"line":54,"column":5}},{"start":{},"end":{}}],"line":46},"5":{"loc":{"start":{"line":64,"column":4},"end":{"line":72,"column":5}},"type":"if","locations":[{"start":{"line":64,"column":4},"end":{"line":72,"column":5}},{"start":{"line":66,"column":10},"end":{"line":72,"column":5}}],"line":64},"6":{"loc":{"start":{"line":66,"column":10},"end":{"line":72,"column":5}},"type":"if","locations":[{"start":{"line":66,"column":10},"end":{"line":72,"column":5}},{"start":{"line":68,"column":10},"end":{"line":72,"column":5}}],"line":66},"7":{"loc":{"start":{"line":68,"column":10},"end":{"line":72,"column":5}},"type":"if","locations":[{"start":{"line":68,"column":10},"end":{"line":72,"column":5}},{"start":{"line":70,"column":10},"end":{"line":72,"column":5}}],"line":68},"8":{"loc":{"start":{"line":70,"column":10},"end":{"line":72,"column":5}},"type":"if","locations":[{"start":{"line":70,"column":10},"end":{"line":72,"column":5}},{"start":{},"end":{}}],"line":70},"9":{"loc":{"start":{"line":80,"column":4},"end":{"line":84,"column":5}},"type":"if","locations":[{"start":{"line":80,"column":4},"end":{"line":84,"column":5}},{"start":{"line":82,"column":9},"end":{"line":84,"column":5}}],"line":80},"10":{"loc":{"start":{"line":93,"column":4},"end":{"line":101,"column":5}},"type":"if","locations":[{"start":{"line":93,"column":4},"end":{"line":101,"column":5}},{"start":{"line":95,"column":10},"end":{"line":101,"column":5}}],"line":93},"11":{"loc":{"start":{"line":95,"column":10},"end":{"line":101,"column":5}},"type":"if","locations":[{"start":{"line":95,"column":10},"end":{"line":101,"column":5}},{"start":{"line":97,"column":10},"end":{"line":101,"column":5}}],"line":95},"12":{"loc":{"start":{"line":97,"column":10},"end":{"line":101,"column":5}},"type":"if","locations":[{"start":{"line":97,"column":10},"end":{"line":101,"column":5}},{"start":{"line":99,"column":10},"end":{"line":101,"column":5}}],"line":97},"13":{"loc":{"start":{"line":99,"column":10},"end":{"line":101,"column":5}},"type":"if","locations":[{"start":{"line":99,"column":10},"end":{"line":101,"column":5}},{"start":{},"end":{}}],"line":99},"14":{"loc":{"start":{"line":129,"column":54},"end":{"line":129,"column":95}},"type":"cond-expr","locations":[{"start":{"line":129,"column":76},"end":{"line":129,"column":84}},{"start":{"line":129,"column":87},"end":{"line":129,"column":95}}],"line":129},"15":{"loc":{"start":{"line":130,"column":54},"end":{"line":130,"column":95}},"type":"cond-expr","locations":[{"start":{"line":130,"column":76},"end":{"line":130,"column":84}},{"start":{"line":130,"column":87},"end":{"line":130,"column":95}}],"line":130},"16":{"loc":{"start":{"line":140,"column":17},"end":{"line":140,"column":58}},"type":"cond-expr","locations":[{"start":{"line":140,"column":39},"end":{"line":140,"column":47}},{"start":{"line":140,"column":50},"end":{"line":140,"column":58}}],"line":140},"17":{"loc":{"start":{"line":141,"column":14},"end":{"line":141,"column":55}},"type":"cond-expr","locations":[{"start":{"line":141,"column":36},"end":{"line":141,"column":44}},{"start":{"line":141,"column":47},"end":{"line":141,"column":55}}],"line":141},"18":{"loc":{"start":{"line":142,"column":1},"end":{"line":148,"column":2}},"type":"if","locations":[{"start":{"line":142,"column":1},"end":{"line":148,"column":2}},{"start":{"line":146,"column":6},"end":{"line":148,"column":2}}],"line":142}},"s":{"0":1,"1":1,"2":1,"3":8,"4":0,"5":0,"6":0,"7":0,"8":1,"9":1,"10":0,"11":0,"12":1,"13":1,"14":5,"15":3,"16":3,"17":3,"18":3,"19":3,"20":3,"21":3,"22":2,"23":1,"24":1,"25":1,"26":1,"27":1,"28":1,"29":1,"30":1,"31":1,"32":1,"33":1,"34":1,"35":1,"36":1,"37":1,"38":2,"39":2,"40":2,"41":2,"42":2,"43":2,"44":0,"45":0,"46":0,"47":0,"48":0,"49":0,"50":0,"51":0,"52":0,"53":0,"54":0,"55":0,"56":0,"57":0,"58":0,"59":0,"60":0,"61":0,"62":0,"63":0,"64":0,"65":0,"66":0,"67":0,"68":0,"69":0,"70":0,"71":0,"72":5,"73":5,"74":5,"75":5,"76":5,"77":5,"78":2,"79":2,"80":2,"81":0,"82":0,"83":0,"84":0,"85":0,"86":0,"87":0,"88":0,"89":0,"90":0,"91":0,"92":0,"93":0,"94":1},"f":{"0":1,"1":0,"2":0,"3":5,"4":2,"5":0,"6":0,"7":0,"8":0,"9":5,"10":2,"11":0,"12":0,"13":0},"b":{"0":[0,0],"1":[0,0],"2":[3,2],"3":[1,1],"4":[1,0],"5":[2,0],"6":[0,0],"7":[0,0],"8":[0,0],"9":[0,0],"10":[0,0],"11":[0,0],"12":[0,0],"13":[0,0],"14":[0,0],"15":[0,0],"16":[0,0],"17":[0,0],"18":[0,0]},"_coverageSchema":"1a1c01bbd47fc00a2c39e90264f33305004495a9","hash":"6623a432ae12475d54f9e942acf1e2a4136c7b6b"}
,"/workspace/Tribal_Minds/assets/scripts/memorybuttons.js": {"path":"/workspace/Tribal_Minds/assets/scripts/memorybuttons.js","statementMap":{"0":{"start":{"line":1,"column":0},"end":{"line":3,"column":3}},"1":{"start":{"line":2,"column":4},"end":{"line":2,"column":21}},"2":{"start":{"line":5,"column":11},"end":{"line":14,"column":1}},"3":{"start":{"line":17,"column":4},"end":{"line":38,"column":5}},"4":{"start":{"line":19,"column":12},"end":{"line":19,"column":32}},"5":{"start":{"line":20,"column":12},"end":{"line":20,"column":77}},"6":{"start":{"line":21,"column":12},"end":{"line":21,"column":82}},"7":{"start":{"line":22,"column":12},"end":{"line":22,"column":80}},"8":{"start":{"line":23,"column":12},"end":{"line":23,"column":17}},"9":{"start":{"line":25,"column":12},"end":{"line":25,"column":32}},"10":{"start":{"line":26,"column":12},"end":{"line":26,"column":80}},"11":{"start":{"line":27,"column":12},"end":{"line":27,"column":79}},"12":{"start":{"line":28,"column":12},"end":{"line":28,"column":80}},"13":{"start":{"line":29,"column":12},"end":{"line":29,"column":17}},"14":{"start":{"line":31,"column":12},"end":{"line":31,"column":32}},"15":{"start":{"line":32,"column":12},"end":{"line":32,"column":80}},"16":{"start":{"line":33,"column":12},"end":{"line":33,"column":82}},"17":{"start":{"line":34,"column":12},"end":{"line":34,"column":77}},"18":{"start":{"line":35,"column":12},"end":{"line":35,"column":17}},"19":{"start":{"line":37,"column":12},"end":{"line":37,"column":44}},"20":{"start":{"line":42,"column":4},"end":{"line":42,"column":19}},"21":{"start":{"line":43,"column":4},"end":{"line":43,"column":26}},"22":{"start":{"line":44,"column":4},"end":{"line":44,"column":24}},"23":{"start":{"line":45,"column":4},"end":{"line":58,"column":5}},"24":{"start":{"line":46,"column":8},"end":{"line":57,"column":9}},"25":{"start":{"line":47,"column":12},"end":{"line":55,"column":14}},"26":{"start":{"line":48,"column":16},"end":{"line":54,"column":17}},"27":{"start":{"line":49,"column":31},"end":{"line":49,"column":58}},"28":{"start":{"line":50,"column":20},"end":{"line":50,"column":47}},"29":{"start":{"line":51,"column":20},"end":{"line":51,"column":34}},"30":{"start":{"line":52,"column":20},"end":{"line":52,"column":46}},"31":{"start":{"line":53,"column":20},"end":{"line":53,"column":34}},"32":{"start":{"line":56,"column":12},"end":{"line":56,"column":57}},"33":{"start":{"line":59,"column":4},"end":{"line":59,"column":19}},"34":{"start":{"line":60,"column":4},"end":{"line":60,"column":14}},"35":{"start":{"line":64,"column":4},"end":{"line":64,"column":24}},"36":{"start":{"line":65,"column":4},"end":{"line":65,"column":77}},"37":{"start":{"line":66,"column":4},"end":{"line":66,"column":16}},"38":{"start":{"line":70,"column":4},"end":{"line":70,"column":56}},"39":{"start":{"line":71,"column":4},"end":{"line":73,"column":11}},"40":{"start":{"line":72,"column":8},"end":{"line":72,"column":63}},"41":{"start":{"line":77,"column":4},"end":{"line":77,"column":30}},"42":{"start":{"line":78,"column":4},"end":{"line":78,"column":18}},"43":{"start":{"line":79,"column":16},"end":{"line":86,"column":11}},"44":{"start":{"line":80,"column":8},"end":{"line":80,"column":45}},"45":{"start":{"line":81,"column":8},"end":{"line":81,"column":20}},"46":{"start":{"line":82,"column":8},"end":{"line":85,"column":9}},"47":{"start":{"line":83,"column":12},"end":{"line":83,"column":33}},"48":{"start":{"line":84,"column":12},"end":{"line":84,"column":39}},"49":{"start":{"line":90,"column":12},"end":{"line":90,"column":37}},"50":{"start":{"line":91,"column":4},"end":{"line":100,"column":5}},"51":{"start":{"line":92,"column":8},"end":{"line":96,"column":9}},"52":{"start":{"line":93,"column":12},"end":{"line":93,"column":25}},"53":{"start":{"line":94,"column":12},"end":{"line":94,"column":27}},"54":{"start":{"line":95,"column":12},"end":{"line":95,"column":22}},"55":{"start":{"line":98,"column":8},"end":{"line":98,"column":35}},"56":{"start":{"line":99,"column":8},"end":{"line":99,"column":20}},"57":{"start":{"line":104,"column":4},"end":{"line":104,"column":60}},"58":{"start":{"line":105,"column":4},"end":{"line":105,"column":17}},"59":{"start":{"line":109,"column":4},"end":{"line":111,"column":5}},"60":{"start":{"line":110,"column":8},"end":{"line":110,"column":56}},"61":{"start":{"line":114,"column":0},"end":{"line":114,"column":101}}},"fnMap":{"0":{"name":"(anonymous_0)","decl":{"start":{"line":1,"column":46},"end":{"line":1,"column":47}},"loc":{"start":{"line":1,"column":58},"end":{"line":3,"column":1}},"line":1},"1":{"name":"btn_diff","decl":{"start":{"line":16,"column":9},"end":{"line":16,"column":17}},"loc":{"start":{"line":16,"column":24},"end":{"line":39,"column":1}},"line":16},"2":{"name":"beginGame","decl":{"start":{"line":41,"column":9},"end":{"line":41,"column":18}},"loc":{"start":{"line":41,"column":20},"end":{"line":61,"column":1}},"line":41},"3":{"name":"(anonymous_3)","decl":{"start":{"line":47,"column":45},"end":{"line":47,"column":46}},"loc":{"start":{"line":47,"column":52},"end":{"line":55,"column":13}},"line":47},"4":{"name":"addTurn","decl":{"start":{"line":63,"column":9},"end":{"line":63,"column":16}},"loc":{"start":{"line":63,"column":19},"end":{"line":67,"column":1}},"line":63},"5":{"name":"lightUp","decl":{"start":{"line":69,"column":9},"end":{"line":69,"column":16}},"loc":{"start":{"line":69,"column":22},"end":{"line":74,"column":1}},"line":69},"6":{"name":"(anonymous_6)","decl":{"start":{"line":71,"column":15},"end":{"line":71,"column":16}},"loc":{"start":{"line":71,"column":21},"end":{"line":73,"column":5}},"line":71},"7":{"name":"showTurns","decl":{"start":{"line":76,"column":9},"end":{"line":76,"column":18}},"loc":{"start":{"line":76,"column":21},"end":{"line":87,"column":1}},"line":76},"8":{"name":"(anonymous_8)","decl":{"start":{"line":79,"column":28},"end":{"line":79,"column":29}},"loc":{"start":{"line":79,"column":34},"end":{"line":86,"column":5}},"line":79},"9":{"name":"playersTurn","decl":{"start":{"line":89,"column":9},"end":{"line":89,"column":20}},"loc":{"start":{"line":89,"column":23},"end":{"line":101,"column":1}},"line":89},"10":{"name":"displayScore","decl":{"start":{"line":103,"column":9},"end":{"line":103,"column":21}},"loc":{"start":{"line":103,"column":23},"end":{"line":106,"column":1}},"line":103},"11":{"name":"checkScore","decl":{"start":{"line":108,"column":9},"end":{"line":108,"column":19}},"loc":{"start":{"line":108,"column":22},"end":{"line":112,"column":1}},"line":108}},"branchMap":{"0":{"loc":{"start":{"line":17,"column":4},"end":{"line":38,"column":5}},"type":"switch","locations":[{"start":{"line":18,"column":8},"end":{"line":23,"column":17}},{"start":{"line":24,"column":8},"end":{"line":29,"column":17}},{"start":{"line":30,"column":8},"end":{"line":35,"column":17}},{"start":{"line":36,"column":8},"end":{"line":37,"column":44}}],"line":17},"1":{"loc":{"start":{"line":46,"column":8},"end":{"line":57,"column":9}},"type":"if","locations":[{"start":{"line":46,"column":8},"end":{"line":57,"column":9}},{"start":{},"end":{}}],"line":46},"2":{"loc":{"start":{"line":48,"column":16},"end":{"line":54,"column":17}},"type":"if","locations":[{"start":{"line":48,"column":16},"end":{"line":54,"column":17}},{"start":{},"end":{}}],"line":48},"3":{"loc":{"start":{"line":48,"column":20},"end":{"line":48,"column":70}},"type":"binary-expr","locations":[{"start":{"line":48,"column":20},"end":{"line":48,"column":47}},{"start":{"line":48,"column":51},"end":{"line":48,"column":70}}],"line":48},"4":{"loc":{"start":{"line":82,"column":8},"end":{"line":85,"column":9}},"type":"if","locations":[{"start":{"line":82,"column":8},"end":{"line":85,"column":9}},{"start":{},"end":{}}],"line":82},"5":{"loc":{"start":{"line":91,"column":4},"end":{"line":100,"column":5}},"type":"if","locations":[{"start":{"line":91,"column":4},"end":{"line":100,"column":5}},{"start":{"line":97,"column":11},"end":{"line":100,"column":5}}],"line":91},"6":{"loc":{"start":{"line":92,"column":8},"end":{"line":96,"column":9}},"type":"if","locations":[{"start":{"line":92,"column":8},"end":{"line":96,"column":9}},{"start":{},"end":{}}],"line":92},"7":{"loc":{"start":{"line":109,"column":4},"end":{"line":111,"column":5}},"type":"if","locations":[{"start":{"line":109,"column":4},"end":{"line":111,"column":5}},{"start":{},"end":{}}],"line":109}},"s":{"0":1,"1":1,"2":1,"3":5,"4":3,"5":3,"6":3,"7":3,"8":3,"9":1,"10":1,"11":1,"12":1,"13":1,"14":1,"15":1,"16":1,"17":1,"18":1,"19":0,"20":6,"21":6,"22":6,"23":6,"24":36,"25":6,"26":1,"27":0,"28":0,"29":0,"30":0,"31":0,"32":6,"33":6,"34":6,"35":16,"36":16,"37":16,"38":1,"39":1,"40":0,"41":19,"42":19,"43":19,"44":0,"45":0,"46":0,"47":0,"48":0,"49":2,"50":2,"51":1,"52":1,"53":1,"54":1,"55":1,"56":1,"57":8,"58":8,"59":8,"60":1,"61":1},"f":{"0":1,"1":5,"2":6,"3":1,"4":16,"5":1,"6":0,"7":19,"8":0,"9":2,"10":8,"11":8},"b":{"0":[3,1,1,0],"1":[6,30],"2":[0,1],"3":[1,1],"4":[0,0],"5":[1,1],"6":[1,0],"7":[1,7]},"_coverageSchema":"1a1c01bbd47fc00a2c39e90264f33305004495a9","hash":"cc90ce0b5b4feefe5dce360f45ad14edbddd09a2"}
,"/workspace/Tribal_Minds/assets/scripts/memorycircle.js": {"path":"/workspace/Tribal_Minds/assets/scripts/memorycircle.js","statementMap":{"0":{"start":{"line":1,"column":0},"end":{"line":3,"column":3}},"1":{"start":{"line":2,"column":4},"end":{"line":2,"column":24}},"2":{"start":{"line":5,"column":11},"end":{"line":14,"column":1}},"3":{"start":{"line":17,"column":4},"end":{"line":38,"column":5}},"4":{"start":{"line":19,"column":12},"end":{"line":19,"column":32}},"5":{"start":{"line":20,"column":12},"end":{"line":20,"column":77}},"6":{"start":{"line":21,"column":12},"end":{"line":21,"column":82}},"7":{"start":{"line":22,"column":12},"end":{"line":22,"column":80}},"8":{"start":{"line":23,"column":12},"end":{"line":23,"column":17}},"9":{"start":{"line":25,"column":12},"end":{"line":25,"column":32}},"10":{"start":{"line":26,"column":12},"end":{"line":26,"column":80}},"11":{"start":{"line":27,"column":12},"end":{"line":27,"column":79}},"12":{"start":{"line":28,"column":12},"end":{"line":28,"column":80}},"13":{"start":{"line":29,"column":12},"end":{"line":29,"column":17}},"14":{"start":{"line":31,"column":12},"end":{"line":31,"column":32}},"15":{"start":{"line":32,"column":12},"end":{"line":32,"column":80}},"16":{"start":{"line":33,"column":12},"end":{"line":33,"column":82}},"17":{"start":{"line":34,"column":12},"end":{"line":34,"column":77}},"18":{"start":{"line":35,"column":12},"end":{"line":35,"column":17}},"19":{"start":{"line":37,"column":12},"end":{"line":37,"column":44}},"20":{"start":{"line":42,"column":4},"end":{"line":42,"column":19}},"21":{"start":{"line":43,"column":4},"end":{"line":43,"column":26}},"22":{"start":{"line":44,"column":4},"end":{"line":44,"column":20}},"23":{"start":{"line":45,"column":4},"end":{"line":58,"column":5}},"24":{"start":{"line":46,"column":8},"end":{"line":57,"column":9}},"25":{"start":{"line":47,"column":12},"end":{"line":55,"column":14}},"26":{"start":{"line":48,"column":16},"end":{"line":54,"column":17}},"27":{"start":{"line":49,"column":31},"end":{"line":49,"column":58}},"28":{"start":{"line":50,"column":20},"end":{"line":50,"column":47}},"29":{"start":{"line":51,"column":20},"end":{"line":51,"column":34}},"30":{"start":{"line":52,"column":20},"end":{"line":52,"column":42}},"31":{"start":{"line":53,"column":20},"end":{"line":53,"column":31}},"32":{"start":{"line":56,"column":12},"end":{"line":56,"column":57}},"33":{"start":{"line":59,"column":4},"end":{"line":59,"column":16}},"34":{"start":{"line":60,"column":4},"end":{"line":60,"column":14}},"35":{"start":{"line":64,"column":4},"end":{"line":64,"column":20}},"36":{"start":{"line":65,"column":4},"end":{"line":65,"column":73}},"37":{"start":{"line":66,"column":4},"end":{"line":66,"column":19}},"38":{"start":{"line":70,"column":4},"end":{"line":70,"column":57}},"39":{"start":{"line":71,"column":4},"end":{"line":73,"column":11}},"40":{"start":{"line":72,"column":8},"end":{"line":72,"column":64}},"41":{"start":{"line":77,"column":4},"end":{"line":77,"column":32}},"42":{"start":{"line":78,"column":4},"end":{"line":78,"column":18}},"43":{"start":{"line":79,"column":16},"end":{"line":86,"column":11}},"44":{"start":{"line":80,"column":8},"end":{"line":80,"column":45}},"45":{"start":{"line":81,"column":8},"end":{"line":81,"column":20}},"46":{"start":{"line":82,"column":8},"end":{"line":85,"column":9}},"47":{"start":{"line":83,"column":12},"end":{"line":83,"column":33}},"48":{"start":{"line":84,"column":12},"end":{"line":84,"column":41}},"49":{"start":{"line":90,"column":12},"end":{"line":90,"column":33}},"50":{"start":{"line":91,"column":4},"end":{"line":100,"column":5}},"51":{"start":{"line":92,"column":8},"end":{"line":96,"column":9}},"52":{"start":{"line":93,"column":12},"end":{"line":93,"column":25}},"53":{"start":{"line":94,"column":12},"end":{"line":94,"column":24}},"54":{"start":{"line":95,"column":12},"end":{"line":95,"column":22}},"55":{"start":{"line":98,"column":8},"end":{"line":98,"column":33}},"56":{"start":{"line":99,"column":8},"end":{"line":99,"column":18}},"57":{"start":{"line":104,"column":4},"end":{"line":104,"column":60}},"58":{"start":{"line":105,"column":4},"end":{"line":105,"column":17}},"59":{"start":{"line":109,"column":4},"end":{"line":111,"column":5}},"60":{"start":{"line":110,"column":8},"end":{"line":110,"column":56}},"61":{"start":{"line":114,"column":0},"end":{"line":123,"column":2}}},"fnMap":{"0":{"name":"(anonymous_0)","decl":{"start":{"line":1,"column":46},"end":{"line":1,"column":47}},"loc":{"start":{"line":1,"column":58},"end":{"line":3,"column":1}},"line":1},"1":{"name":"circle_diff","decl":{"start":{"line":16,"column":9},"end":{"line":16,"column":20}},"loc":{"start":{"line":16,"column":27},"end":{"line":39,"column":1}},"line":16},"2":{"name":"newGame","decl":{"start":{"line":41,"column":9},"end":{"line":41,"column":16}},"loc":{"start":{"line":41,"column":19},"end":{"line":61,"column":1}},"line":41},"3":{"name":"(anonymous_3)","decl":{"start":{"line":47,"column":45},"end":{"line":47,"column":46}},"loc":{"start":{"line":47,"column":52},"end":{"line":55,"column":13}},"line":47},"4":{"name":"addTurn","decl":{"start":{"line":63,"column":9},"end":{"line":63,"column":16}},"loc":{"start":{"line":63,"column":19},"end":{"line":67,"column":1}},"line":63},"5":{"name":"lightUp","decl":{"start":{"line":69,"column":9},"end":{"line":69,"column":16}},"loc":{"start":{"line":69,"column":23},"end":{"line":74,"column":1}},"line":69},"6":{"name":"(anonymous_6)","decl":{"start":{"line":71,"column":15},"end":{"line":71,"column":16}},"loc":{"start":{"line":71,"column":21},"end":{"line":73,"column":5}},"line":71},"7":{"name":"displayTurns","decl":{"start":{"line":76,"column":9},"end":{"line":76,"column":21}},"loc":{"start":{"line":76,"column":24},"end":{"line":87,"column":1}},"line":76},"8":{"name":"(anonymous_8)","decl":{"start":{"line":79,"column":28},"end":{"line":79,"column":29}},"loc":{"start":{"line":79,"column":34},"end":{"line":86,"column":5}},"line":79},"9":{"name":"userTurn","decl":{"start":{"line":89,"column":9},"end":{"line":89,"column":17}},"loc":{"start":{"line":89,"column":20},"end":{"line":101,"column":1}},"line":89},"10":{"name":"showScore","decl":{"start":{"line":103,"column":9},"end":{"line":103,"column":18}},"loc":{"start":{"line":103,"column":21},"end":{"line":106,"column":1}},"line":103},"11":{"name":"checkScore","decl":{"start":{"line":108,"column":9},"end":{"line":108,"column":19}},"loc":{"start":{"line":108,"column":22},"end":{"line":112,"column":1}},"line":108}},"branchMap":{"0":{"loc":{"start":{"line":17,"column":4},"end":{"line":38,"column":5}},"type":"switch","locations":[{"start":{"line":18,"column":8},"end":{"line":23,"column":17}},{"start":{"line":24,"column":8},"end":{"line":29,"column":17}},{"start":{"line":30,"column":8},"end":{"line":35,"column":17}},{"start":{"line":36,"column":8},"end":{"line":37,"column":44}}],"line":17},"1":{"loc":{"start":{"line":46,"column":8},"end":{"line":57,"column":9}},"type":"if","locations":[{"start":{"line":46,"column":8},"end":{"line":57,"column":9}},{"start":{},"end":{}}],"line":46},"2":{"loc":{"start":{"line":48,"column":16},"end":{"line":54,"column":17}},"type":"if","locations":[{"start":{"line":48,"column":16},"end":{"line":54,"column":17}},{"start":{},"end":{}}],"line":48},"3":{"loc":{"start":{"line":48,"column":20},"end":{"line":48,"column":72}},"type":"binary-expr","locations":[{"start":{"line":48,"column":20},"end":{"line":48,"column":47}},{"start":{"line":48,"column":51},"end":{"line":48,"column":72}}],"line":48},"4":{"loc":{"start":{"line":82,"column":8},"end":{"line":85,"column":9}},"type":"if","locations":[{"start":{"line":82,"column":8},"end":{"line":85,"column":9}},{"start":{},"end":{}}],"line":82},"5":{"loc":{"start":{"line":91,"column":4},"end":{"line":100,"column":5}},"type":"if","locations":[{"start":{"line":91,"column":4},"end":{"line":100,"column":5}},{"start":{"line":97,"column":11},"end":{"line":100,"column":5}}],"line":91},"6":{"loc":{"start":{"line":92,"column":8},"end":{"line":96,"column":9}},"type":"if","locations":[{"start":{"line":92,"column":8},"end":{"line":96,"column":9}},{"start":{},"end":{}}],"line":92},"7":{"loc":{"start":{"line":109,"column":4},"end":{"line":111,"column":5}},"type":"if","locations":[{"start":{"line":109,"column":4},"end":{"line":111,"column":5}},{"start":{},"end":{}}],"line":109}},"s":{"0":1,"1":1,"2":1,"3":5,"4":3,"5":3,"6":3,"7":3,"8":3,"9":1,"10":1,"11":1,"12":1,"13":1,"14":1,"15":1,"16":1,"17":1,"18":1,"19":0,"20":6,"21":6,"22":6,"23":6,"24":24,"25":4,"26":1,"27":0,"28":0,"29":0,"30":0,"31":0,"32":4,"33":6,"34":6,"35":16,"36":16,"37":16,"38":1,"39":1,"40":0,"41":19,"42":19,"43":19,"44":0,"45":0,"46":0,"47":0,"48":0,"49":2,"50":2,"51":1,"52":1,"53":1,"54":1,"55":1,"56":1,"57":8,"58":8,"59":8,"60":1,"61":1},"f":{"0":1,"1":5,"2":6,"3":1,"4":16,"5":1,"6":0,"7":19,"8":0,"9":2,"10":8,"11":8},"b":{"0":[3,1,1,0],"1":[4,20],"2":[0,1],"3":[1,1],"4":[0,0],"5":[1,1],"6":[1,0],"7":[1,7]},"_coverageSchema":"1a1c01bbd47fc00a2c39e90264f33305004495a9","hash":"0f858302241df5aa46f8fe3fe6e9f77929694cd4"}
}
