TN:
SF:assets/scripts/mathemania.js
FN:1,(anonymous_0)
FN:5,(anonymous_1)
FN:15,(anonymous_2)
FN:29,diff_setter
FN:58,game
FN:75,checkAnswer
FN:88,calculateCorrectAnswer
FN:104,incrementScore
FN:109,incrementWrongAnswer
FN:114,resetScores
FN:123,displayAddition
FN:128,displaySubtraction
FN:133,displayMultiplication
FN:139,displayDivision
FNF:14
FNH:5
FNDA:1,(anonymous_0)
FNDA:0,(anonymous_1)
FNDA:0,(anonymous_2)
FNDA:5,diff_setter
FNDA:2,game
FNDA:0,checkAnswer
FNDA:0,calculateCorrectAnswer
FNDA:0,incrementScore
FNDA:0,incrementWrongAnswer
FNDA:5,resetScores
FNDA:2,displayAddition
FNDA:0,displaySubtraction
FNDA:0,displayMultiplication
FNDA:0,displayDivision
DA:1,1
DA:2,1
DA:4,1
DA:5,8
DA:6,0
DA:7,0
DA:9,0
DA:10,0
DA:14,1
DA:15,1
DA:16,0
DA:17,0
DA:20,1
DA:23,1
DA:30,5
DA:31,3
DA:32,3
DA:33,3
DA:34,3
DA:35,3
DA:36,3
DA:37,3
DA:38,2
DA:39,1
DA:40,1
DA:41,1
DA:42,1
DA:43,1
DA:44,1
DA:45,1
DA:46,1
DA:47,1
DA:48,1
DA:49,1
DA:50,1
DA:51,1
DA:52,1
DA:53,1
DA:59,2
DA:60,2
DA:61,2
DA:62,2
DA:64,2
DA:65,2
DA:66,0
DA:67,0
DA:68,0
DA:69,0
DA:70,0
DA:71,0
DA:76,0
DA:77,0
DA:78,0
DA:80,0
DA:81,0
DA:83,0
DA:85,0
DA:89,0
DA:90,0
DA:91,0
DA:93,0
DA:94,0
DA:95,0
DA:96,0
DA:97,0
DA:98,0
DA:99,0
DA:100,0
DA:105,0
DA:106,0
DA:110,0
DA:111,0
DA:115,5
DA:116,5
DA:117,5
DA:118,5
DA:119,5
DA:120,5
DA:124,2
DA:125,2
DA:126,2
DA:129,0
DA:130,0
DA:131,0
DA:134,0
DA:135,0
DA:136,0
DA:140,0
DA:141,0
DA:142,0
DA:143,0
DA:144,0
DA:145,0
DA:147,0
DA:151,1
LF:95
LH:48
BRDA:6,0,0,0
BRDA:6,0,1,0
BRDA:16,1,0,0
BRDA:16,1,1,0
BRDA:30,2,0,3
BRDA:30,2,1,2
BRDA:38,3,0,1
BRDA:38,3,1,1
BRDA:46,4,0,1
BRDA:46,4,1,0
BRDA:64,5,0,2
BRDA:64,5,1,0
BRDA:66,6,0,0
BRDA:66,6,1,0
BRDA:68,7,0,0
BRDA:68,7,1,0
BRDA:70,8,0,0
BRDA:70,8,1,0
BRDA:80,9,0,0
BRDA:80,9,1,0
BRDA:93,10,0,0
BRDA:93,10,1,0
BRDA:95,11,0,0
BRDA:95,11,1,0
BRDA:97,12,0,0
BRDA:97,12,1,0
BRDA:99,13,0,0
BRDA:99,13,1,0
BRDA:129,14,0,0
BRDA:129,14,1,0
BRDA:130,15,0,0
BRDA:130,15,1,0
BRDA:140,16,0,0
BRDA:140,16,1,0
BRDA:141,17,0,0
BRDA:141,17,1,0
BRDA:142,18,0,0
BRDA:142,18,1,0
BRF:38
BRH:6
end_of_record
TN:
SF:assets/scripts/memorybuttons.js
FN:1,(anonymous_0)
FN:16,btn_diff
FN:41,beginGame
FN:47,(anonymous_3)
FN:63,addTurn
FN:69,lightUp
FN:71,(anonymous_6)
FN:76,showTurns
FN:79,(anonymous_8)
FN:89,playersTurn
FN:103,displayScore
FN:108,checkScore
FNF:12
FNH:10
FNDA:1,(anonymous_0)
FNDA:5,btn_diff
FNDA:6,beginGame
FNDA:1,(anonymous_3)
FNDA:16,addTurn
FNDA:1,lightUp
FNDA:0,(anonymous_6)
FNDA:19,showTurns
FNDA:0,(anonymous_8)
FNDA:2,playersTurn
FNDA:8,displayScore
FNDA:8,checkScore
DA:1,1
DA:2,1
DA:5,1
DA:17,5
DA:19,3
DA:20,3
DA:21,3
DA:22,3
DA:23,3
DA:25,1
DA:26,1
DA:27,1
DA:28,1
DA:29,1
DA:31,1
DA:32,1
DA:33,1
DA:34,1
DA:35,1
DA:37,0
DA:42,6
DA:43,6
DA:44,6
DA:45,6
DA:46,36
DA:47,6
DA:48,1
DA:49,0
DA:50,0
DA:51,0
DA:52,0
DA:53,0
DA:56,6
DA:59,6
DA:60,6
DA:64,16
DA:65,16
DA:66,16
DA:70,1
DA:71,1
DA:72,0
DA:77,19
DA:78,19
DA:79,19
DA:80,0
DA:81,0
DA:82,0
DA:83,0
DA:84,0
DA:90,2
DA:91,2
DA:92,1
DA:93,1
DA:94,1
DA:95,1
DA:98,1
DA:99,1
DA:104,8
DA:105,8
DA:109,8
DA:110,1
DA:114,1
LF:62
LH:50
BRDA:17,0,0,3
BRDA:17,0,1,1
BRDA:17,0,2,1
BRDA:17,0,3,0
BRDA:46,1,0,6
BRDA:46,1,1,30
BRDA:48,2,0,0
BRDA:48,2,1,1
BRDA:48,3,0,1
BRDA:48,3,1,1
BRDA:82,4,0,0
BRDA:82,4,1,0
BRDA:91,5,0,1
BRDA:91,5,1,1
BRDA:92,6,0,1
BRDA:92,6,1,0
BRDA:109,7,0,1
BRDA:109,7,1,7
BRF:18
BRH:13
end_of_record
TN:
SF:assets/scripts/memorycircle.js
FN:1,(anonymous_0)
FN:16,circle_diff
FN:41,newGame
FN:47,(anonymous_3)
FN:63,addTurn
FN:69,lightUp
FN:71,(anonymous_6)
FN:76,displayTurns
FN:79,(anonymous_8)
FN:89,userTurn
FN:103,showScore
FN:108,checkScore
FNF:12
FNH:10
FNDA:1,(anonymous_0)
FNDA:5,circle_diff
FNDA:6,newGame
FNDA:1,(anonymous_3)
FNDA:16,addTurn
FNDA:1,lightUp
FNDA:0,(anonymous_6)
FNDA:19,displayTurns
FNDA:0,(anonymous_8)
FNDA:2,userTurn
FNDA:8,showScore
FNDA:8,checkScore
DA:1,1
DA:2,1
DA:5,1
DA:17,5
DA:19,3
DA:20,3
DA:21,3
DA:22,3
DA:23,3
DA:25,1
DA:26,1
DA:27,1
DA:28,1
DA:29,1
DA:31,1
DA:32,1
DA:33,1
DA:34,1
DA:35,1
DA:37,0
DA:42,6
DA:43,6
DA:44,6
DA:45,6
DA:46,24
DA:47,4
DA:48,1
DA:49,0
DA:50,0
DA:51,0
DA:52,0
DA:53,0
DA:56,4
DA:59,6
DA:60,6
DA:64,16
DA:65,16
DA:66,16
DA:70,1
DA:71,1
DA:72,0
DA:77,19
DA:78,19
DA:79,19
DA:80,0
DA:81,0
DA:82,0
DA:83,0
DA:84,0
DA:90,2
DA:91,2
DA:92,1
DA:93,1
DA:94,1
DA:95,1
DA:98,1
DA:99,1
DA:104,8
DA:105,8
DA:109,8
DA:110,1
DA:114,1
LF:62
LH:50
BRDA:17,0,0,3
BRDA:17,0,1,1
BRDA:17,0,2,1
BRDA:17,0,3,0
BRDA:46,1,0,4
BRDA:46,1,1,20
BRDA:48,2,0,0
BRDA:48,2,1,1
BRDA:48,3,0,1
BRDA:48,3,1,1
BRDA:82,4,0,0
BRDA:82,4,1,0
BRDA:91,5,0,1
BRDA:91,5,1,1
BRDA:92,6,0,1
BRDA:92,6,1,0
BRDA:109,7,0,1
BRDA:109,7,1,7
BRF:18
BRH:13
end_of_record
